{"/home/travis/build/npmtest/node-npmtest-trianglify/test.js":{"path":"/home/travis/build/npmtest/node-npmtest-trianglify/test.js","s":{"1":2,"2":2,"3":2,"4":2,"5":2,"6":2,"7":2,"8":1,"9":2,"10":2,"11":1,"12":1,"13":1,"14":1,"15":2,"16":2,"17":2,"18":2,"19":1,"20":1,"21":2,"22":2,"23":2,"24":1,"25":1,"26":1,"27":1,"28":1,"29":1,"30":1,"31":1,"32":1,"33":1,"34":1,"35":1,"36":1,"37":1,"38":1,"39":2,"40":2,"41":1,"42":2,"43":2,"44":1,"45":2,"46":2,"47":1,"48":2,"49":2,"50":1,"51":1,"52":1,"53":1,"54":1},"b":{"1":[2,1,1,1],"2":[1,1,1,1],"3":[1,1],"4":[1,1],"5":[1,1],"6":[1,1],"7":[1,1],"8":[1,1],"9":[1,1],"10":[1,1,1],"11":[1,1],"12":[1,1],"13":[1,1],"14":[1,1],"15":[1,1],"16":[1,1],"17":[1,1]},"f":{"1":2,"2":2,"3":2,"4":2,"5":2,"6":1,"7":1,"8":1,"9":2,"10":2,"11":2,"12":2,"13":1},"fnMap":{"1":{"name":"(anonymous_1)","line":12,"loc":{"start":{"line":12,"column":1},"end":{"line":12,"column":13}}},"2":{"name":"(anonymous_2)","line":19,"loc":{"start":{"line":19,"column":5},"end":{"line":19,"column":17}}},"3":{"name":"(anonymous_3)","line":23,"loc":{"start":{"line":23,"column":24},"end":{"line":23,"column":36}}},"4":{"name":"(anonymous_4)","line":61,"loc":{"start":{"line":61,"column":5},"end":{"line":61,"column":17}}},"5":{"name":"(anonymous_5)","line":82,"loc":{"start":{"line":82,"column":5},"end":{"line":82,"column":17}}},"6":{"name":"(anonymous_6)","line":91,"loc":{"start":{"line":91,"column":77},"end":{"line":94,"column":10}}},"7":{"name":"(anonymous_7)","line":112,"loc":{"start":{"line":112,"column":83},"end":{"line":115,"column":10}},"skip":true},"8":{"name":"(anonymous_8)","line":123,"loc":{"start":{"line":123,"column":77},"end":{"line":126,"column":10}},"skip":true},"9":{"name":"(anonymous_9)","line":139,"loc":{"start":{"line":139,"column":12},"end":{"line":139,"column":40}},"skip":true},"10":{"name":"(anonymous_10)","line":147,"loc":{"start":{"line":147,"column":77},"end":{"line":150,"column":10}},"skip":true},"11":{"name":"(anonymous_11)","line":158,"loc":{"start":{"line":158,"column":83},"end":{"line":161,"column":10}},"skip":true},"12":{"name":"(anonymous_12)","line":169,"loc":{"start":{"line":169,"column":79},"end":{"line":172,"column":10}},"skip":true},"13":{"name":"(anonymous_13)","line":180,"loc":{"start":{"line":180,"column":75},"end":{"line":183,"column":10}},"skip":true}},"statementMap":{"1":{"start":{"line":12,"column":0},"end":{"line":195,"column":5}},"2":{"start":{"line":14,"column":4},"end":{"line":14,"column":14}},"3":{"start":{"line":19,"column":4},"end":{"line":56,"column":9}},"4":{"start":{"line":21,"column":8},"end":{"line":21,"column":19}},"5":{"start":{"line":23,"column":8},"end":{"line":35,"column":13}},"6":{"start":{"line":24,"column":12},"end":{"line":34,"column":13}},"7":{"start":{"line":25,"column":16},"end":{"line":28,"column":30}},"8":{"start":{"line":30,"column":16},"end":{"line":33,"column":27}},"9":{"start":{"line":37,"column":8},"end":{"line":39,"column":21}},"10":{"start":{"line":40,"column":8},"end":{"line":53,"column":9}},"11":{"start":{"line":43,"column":12},"end":{"line":46,"column":14}},"12":{"start":{"line":47,"column":12},"end":{"line":47,"column":18}},"13":{"start":{"line":50,"column":12},"end":{"line":51,"column":46}},"14":{"start":{"line":52,"column":12},"end":{"line":52,"column":18}},"15":{"start":{"line":55,"column":8},"end":{"line":55,"column":35}},"16":{"start":{"line":61,"column":4},"end":{"line":63,"column":9}},"17":{"start":{"line":62,"column":8},"end":{"line":62,"column":15}},"18":{"start":{"line":64,"column":4},"end":{"line":77,"column":5}},"19":{"start":{"line":70,"column":8},"end":{"line":70,"column":14}},"20":{"start":{"line":76,"column":8},"end":{"line":76,"column":14}},"21":{"start":{"line":82,"column":4},"end":{"line":84,"column":9}},"22":{"start":{"line":83,"column":8},"end":{"line":83,"column":15}},"23":{"start":{"line":85,"column":4},"end":{"line":194,"column":5}},"24":{"start":{"line":91,"column":8},"end":{"line":99,"column":10}},"25":{"start":{"line":98,"column":12},"end":{"line":98,"column":35}},"26":{"start":{"line":102,"column":8},"end":{"line":104,"column":63}},"27":{"start":{"line":105,"column":8},"end":{"line":105,"column":14}},"28":{"start":{"line":112,"column":8},"end":{"line":121,"column":10},"skip":true},"29":{"start":{"line":119,"column":12},"end":{"line":119,"column":55},"skip":true},"30":{"start":{"line":120,"column":12},"end":{"line":120,"column":48},"skip":true},"31":{"start":{"line":123,"column":8},"end":{"line":136,"column":10},"skip":true},"32":{"start":{"line":130,"column":12},"end":{"line":130,"column":76},"skip":true},"33":{"start":{"line":131,"column":12},"end":{"line":131,"column":73},"skip":true},"34":{"start":{"line":132,"column":12},"end":{"line":132,"column":74},"skip":true},"35":{"start":{"line":133,"column":12},"end":{"line":133,"column":79},"skip":true},"36":{"start":{"line":134,"column":12},"end":{"line":134,"column":25},"skip":true},"37":{"start":{"line":135,"column":12},"end":{"line":135,"column":45},"skip":true},"38":{"start":{"line":138,"column":8},"end":{"line":145,"column":14},"skip":true},"39":{"start":{"line":143,"column":16},"end":{"line":143,"column":29},"skip":true},"40":{"start":{"line":144,"column":16},"end":{"line":144,"column":55},"skip":true},"41":{"start":{"line":147,"column":8},"end":{"line":156,"column":10},"skip":true},"42":{"start":{"line":154,"column":12},"end":{"line":154,"column":25},"skip":true},"43":{"start":{"line":155,"column":12},"end":{"line":155,"column":45},"skip":true},"44":{"start":{"line":158,"column":8},"end":{"line":167,"column":10},"skip":true},"45":{"start":{"line":165,"column":12},"end":{"line":165,"column":25},"skip":true},"46":{"start":{"line":166,"column":12},"end":{"line":166,"column":48},"skip":true},"47":{"start":{"line":169,"column":8},"end":{"line":178,"column":10},"skip":true},"48":{"start":{"line":176,"column":12},"end":{"line":176,"column":25},"skip":true},"49":{"start":{"line":177,"column":12},"end":{"line":177,"column":46},"skip":true},"50":{"start":{"line":180,"column":8},"end":{"line":189,"column":10},"skip":true},"51":{"start":{"line":187,"column":12},"end":{"line":187,"column":94},"skip":true},"52":{"start":{"line":188,"column":12},"end":{"line":188,"column":48},"skip":true},"53":{"start":{"line":192,"column":8},"end":{"line":192,"column":35},"skip":true},"54":{"start":{"line":193,"column":8},"end":{"line":193,"column":14},"skip":true}},"branchMap":{"1":{"line":25,"type":"binary-expr","locations":[{"start":{"line":25,"column":23},"end":{"line":25,"column":62}},{"start":{"line":26,"column":20},"end":{"line":26,"column":70}},{"start":{"line":27,"column":20},"end":{"line":27,"column":71}},{"start":{"line":28,"column":20},"end":{"line":28,"column":29}}]},"2":{"line":30,"type":"binary-expr","locations":[{"start":{"line":30,"column":23},"end":{"line":30,"column":37}},{"start":{"line":31,"column":20},"end":{"line":31,"column":61}},{"start":{"line":32,"column":20},"end":{"line":32,"column":70}},{"start":{"line":33,"column":20},"end":{"line":33,"column":26}}]},"3":{"line":37,"type":"cond-expr","locations":[{"start":{"line":38,"column":14},"end":{"line":38,"column":20}},{"start":{"line":39,"column":14},"end":{"line":39,"column":20}}]},"4":{"line":40,"type":"switch","locations":[{"start":{"line":42,"column":8},"end":{"line":47,"column":18}},{"start":{"line":49,"column":8},"end":{"line":52,"column":18}}]},"5":{"line":44,"type":"binary-expr","locations":[{"start":{"line":44,"column":16},"end":{"line":44,"column":44}},{"start":{"line":44,"column":48},"end":{"line":44,"column":66}}]},"6":{"line":50,"type":"binary-expr","locations":[{"start":{"line":50,"column":21},"end":{"line":50,"column":49}},{"start":{"line":50,"column":53},"end":{"line":50,"column":72}}]},"7":{"line":64,"type":"switch","locations":[{"start":{"line":69,"column":4},"end":{"line":70,"column":14}},{"start":{"line":75,"column":4},"end":{"line":76,"column":14}}]},"8":{"line":85,"type":"switch","locations":[{"start":{"line":90,"column":4},"end":{"line":105,"column":14}},{"start":{"line":111,"column":4},"end":{"line":193,"column":14},"skip":true}]},"9":{"line":91,"type":"binary-expr","locations":[{"start":{"line":91,"column":42},"end":{"line":91,"column":73}},{"start":{"line":91,"column":77},"end":{"line":99,"column":9}}]},"10":{"line":102,"type":"binary-expr","locations":[{"start":{"line":102,"column":18},"end":{"line":102,"column":32}},{"start":{"line":103,"column":12},"end":{"line":103,"column":53}},{"start":{"line":104,"column":12},"end":{"line":104,"column":61}}]},"11":{"line":112,"type":"binary-expr","locations":[{"start":{"line":112,"column":45},"end":{"line":112,"column":79},"skip":true},{"start":{"line":112,"column":83},"end":{"line":121,"column":9},"skip":true}]},"12":{"line":123,"type":"binary-expr","locations":[{"start":{"line":123,"column":42},"end":{"line":123,"column":73},"skip":true},{"start":{"line":123,"column":77},"end":{"line":136,"column":9},"skip":true}]},"13":{"line":138,"type":"binary-expr","locations":[{"start":{"line":138,"column":48},"end":{"line":138,"column":85},"skip":true},{"start":{"line":139,"column":12},"end":{"line":145,"column":13},"skip":true}]},"14":{"line":147,"type":"binary-expr","locations":[{"start":{"line":147,"column":42},"end":{"line":147,"column":73},"skip":true},{"start":{"line":147,"column":77},"end":{"line":156,"column":9},"skip":true}]},"15":{"line":158,"type":"binary-expr","locations":[{"start":{"line":158,"column":45},"end":{"line":158,"column":79},"skip":true},{"start":{"line":158,"column":83},"end":{"line":167,"column":9},"skip":true}]},"16":{"line":169,"type":"binary-expr","locations":[{"start":{"line":169,"column":43},"end":{"line":169,"column":75},"skip":true},{"start":{"line":169,"column":79},"end":{"line":178,"column":9},"skip":true}]},"17":{"line":180,"type":"binary-expr","locations":[{"start":{"line":180,"column":41},"end":{"line":180,"column":71},"skip":true},{"start":{"line":180,"column":75},"end":{"line":189,"column":9},"skip":true}]}},"code":["/* istanbul instrument in package npmtest_trianglify */","/*jslint","    bitwise: true,","    browser: true,","    maxerr: 8,","    maxlen: 96,","    node: true,","    nomen: true,","    regexp: true,","    stupid: true","*/","(function () {","    'use strict';","    var local;","","","","    // run shared js-env code - pre-init","    (function () {","        // init local","        local = {};","        // init modeJs","        local.modeJs = (function () {","            try {","                return typeof navigator.userAgent === 'string' &&","                    typeof document.querySelector('body') === 'object' &&","                    typeof XMLHttpRequest.prototype.open === 'function' &&","                    'browser';","            } catch (errorCaughtBrowser) {","                return module.exports &&","                    typeof process.versions.node === 'string' &&","                    typeof require('http').createServer === 'function' &&","                    'node';","            }","        }());","        // init global","        local.global = local.modeJs === 'browser'","            ? window","            : global;","        switch (local.modeJs) {","        // re-init local from window.local","        case 'browser':","            local = local.global.utility2.objectSetDefault(","                local.global.utility2_rollup || local.global.local,","                local.global.utility2","            );","            break;","        // re-init local from example.js","        case 'node':","            local = (local.global.utility2_rollup || require('utility2'))","                .requireExampleJsFromReadme();","            break;","        }","        // export local","        local.global.local = local;","    }());","","","","    // run shared js-env code - function","    (function () {","        return;","    }());","    switch (local.modeJs) {","","","","    // run browser js-env code - function","    case 'browser':","        break;","","","","    // run node js-env code - function","    case 'node':","        break;","    }","","","","    // run shared js-env code - post-init","    (function () {","        return;","    }());","    switch (local.modeJs) {","","","","    // run browser js-env code - post-init","    case 'browser':","        local.testCase_browser_nullCase = local.testCase_browser_nullCase || function (","            options,","            onError","        ) {","        /*","         * this function will test browsers's null-case handling-behavior-behavior","         */","            onError(null, options);","        };","","        // run tests","        local.nop(local.modeTest &&","            document.querySelector('#testRunButton1') &&","            document.querySelector('#testRunButton1').click());","        break;","","","","    // run node js-env code - post-init","    /* istanbul ignore next */","    case 'node':","        local.testCase_buildApidoc_default = local.testCase_buildApidoc_default || function (","            options,","            onError","        ) {","        /*","         * this function will test buildApidoc's default handling-behavior-behavior","         */","            options = { modulePathList: module.paths };","            local.buildApidoc(options, onError);","        };","","        local.testCase_buildApp_default = local.testCase_buildApp_default || function (","            options,","            onError","        ) {","        /*","         * this function will test buildApp's default handling-behavior-behavior","         */","            local.testCase_buildReadme_default(options, local.onErrorThrow);","            local.testCase_buildLib_default(options, local.onErrorThrow);","            local.testCase_buildTest_default(options, local.onErrorThrow);","            local.testCase_buildCustomOrg_default(options, local.onErrorThrow);","            options = [];","            local.buildApp(options, onError);","        };","","        local.testCase_buildCustomOrg_default = local.testCase_buildCustomOrg_default ||","            function (options, onError) {","            /*","             * this function will test buildCustomOrg's default handling-behavior","             */","                options = {};","                local.buildCustomOrg(options, onError);","            };","","        local.testCase_buildLib_default = local.testCase_buildLib_default || function (","            options,","            onError","        ) {","        /*","         * this function will test buildLib's default handling-behavior","         */","            options = {};","            local.buildLib(options, onError);","        };","","        local.testCase_buildReadme_default = local.testCase_buildReadme_default || function (","            options,","            onError","        ) {","        /*","         * this function will test buildReadme's default handling-behavior-behavior","         */","            options = {};","            local.buildReadme(options, onError);","        };","","        local.testCase_buildTest_default = local.testCase_buildTest_default || function (","            options,","            onError","        ) {","        /*","         * this function will test buildTest's default handling-behavior","         */","            options = {};","            local.buildTest(options, onError);","        };","","        local.testCase_webpage_default = local.testCase_webpage_default || function (","            options,","            onError","        ) {","        /*","         * this function will test webpage's default handling-behavior","         */","            options = { modeCoverageMerge: true, url: local.serverLocalHost + '?modeTest=1' };","            local.browserTest(options, onError);","        };","","        // run test-server","        local.testRunServer(local);","        break;","    }","}());",""],"l":{"12":2,"14":2,"19":2,"21":2,"23":2,"24":2,"25":2,"30":1,"37":2,"40":2,"43":1,"47":1,"50":1,"52":1,"55":2,"61":2,"62":2,"64":2,"70":1,"76":1,"82":2,"83":2,"85":2,"91":1,"98":1,"102":1,"105":1,"112":1,"119":1,"120":1,"123":1,"130":1,"131":1,"132":1,"133":1,"134":1,"135":1,"138":1,"143":2,"144":2,"147":1,"154":2,"155":2,"158":1,"165":2,"166":2,"169":1,"176":2,"177":2,"180":1,"187":1,"188":1,"192":1,"193":1}},"/home/travis/build/npmtest/node-npmtest-trianglify/lib.npmtest_trianglify.js":{"path":"/home/travis/build/npmtest/node-npmtest-trianglify/lib.npmtest_trianglify.js","s":{"1":2,"2":2,"3":2,"4":2,"5":2,"6":2,"7":2,"8":1,"9":2,"10":2,"11":2,"12":2,"13":1,"14":1,"15":1,"16":1},"b":{"1":[2,1,1,1],"2":[1,1,1,1],"3":[1,1],"4":[2,2],"5":[1,1]},"f":{"1":2,"2":2,"3":2},"fnMap":{"1":{"name":"(anonymous_1)","line":12,"loc":{"start":{"line":12,"column":1},"end":{"line":12,"column":13}}},"2":{"name":"(anonymous_2)","line":19,"loc":{"start":{"line":19,"column":5},"end":{"line":19,"column":17}}},"3":{"name":"(anonymous_3)","line":23,"loc":{"start":{"line":23,"column":24},"end":{"line":23,"column":36}}}},"statementMap":{"1":{"start":{"line":12,"column":0},"end":{"line":53,"column":5}},"2":{"start":{"line":14,"column":4},"end":{"line":14,"column":14}},"3":{"start":{"line":19,"column":4},"end":{"line":52,"column":9}},"4":{"start":{"line":21,"column":8},"end":{"line":21,"column":19}},"5":{"start":{"line":23,"column":8},"end":{"line":35,"column":13}},"6":{"start":{"line":24,"column":12},"end":{"line":34,"column":13}},"7":{"start":{"line":25,"column":16},"end":{"line":28,"column":30}},"8":{"start":{"line":30,"column":16},"end":{"line":33,"column":27}},"9":{"start":{"line":37,"column":8},"end":{"line":39,"column":21}},"10":{"start":{"line":41,"column":8},"end":{"line":41,"column":54}},"11":{"start":{"line":43,"column":8},"end":{"line":43,"column":55}},"12":{"start":{"line":45,"column":8},"end":{"line":51,"column":9}},"13":{"start":{"line":46,"column":12},"end":{"line":46,"column":61}},"14":{"start":{"line":48,"column":12},"end":{"line":48,"column":35}},"15":{"start":{"line":49,"column":12},"end":{"line":49,"column":49}},"16":{"start":{"line":50,"column":12},"end":{"line":50,"column":43}}},"branchMap":{"1":{"line":25,"type":"binary-expr","locations":[{"start":{"line":25,"column":23},"end":{"line":25,"column":62}},{"start":{"line":26,"column":20},"end":{"line":26,"column":70}},{"start":{"line":27,"column":20},"end":{"line":27,"column":71}},{"start":{"line":28,"column":20},"end":{"line":28,"column":29}}]},"2":{"line":30,"type":"binary-expr","locations":[{"start":{"line":30,"column":23},"end":{"line":30,"column":37}},{"start":{"line":31,"column":20},"end":{"line":31,"column":61}},{"start":{"line":32,"column":20},"end":{"line":32,"column":70}},{"start":{"line":33,"column":20},"end":{"line":33,"column":26}}]},"3":{"line":37,"type":"cond-expr","locations":[{"start":{"line":38,"column":14},"end":{"line":38,"column":20}},{"start":{"line":39,"column":14},"end":{"line":39,"column":20}}]},"4":{"line":41,"type":"binary-expr","locations":[{"start":{"line":41,"column":16},"end":{"line":41,"column":44}},{"start":{"line":41,"column":48},"end":{"line":41,"column":53}}]},"5":{"line":45,"type":"if","locations":[{"start":{"line":45,"column":8},"end":{"line":45,"column":8}},{"start":{"line":45,"column":8},"end":{"line":45,"column":8}}]}},"code":["/* istanbul instrument in package npmtest_trianglify */","/*jslint","    bitwise: true,","    browser: true,","    maxerr: 8,","    maxlen: 96,","    node: true,","    nomen: true,","    regexp: true,","    stupid: true","*/","(function () {","    'use strict';","    var local;","","","","    // run shared js-env code - pre-init","    (function () {","        // init local","        local = {};","        // init modeJs","        local.modeJs = (function () {","            try {","                return typeof navigator.userAgent === 'string' &&","                    typeof document.querySelector('body') === 'object' &&","                    typeof XMLHttpRequest.prototype.open === 'function' &&","                    'browser';","            } catch (errorCaughtBrowser) {","                return module.exports &&","                    typeof process.versions.node === 'string' &&","                    typeof require('http').createServer === 'function' &&","                    'node';","            }","        }());","        // init global","        local.global = local.modeJs === 'browser'","            ? window","            : global;","        // init utility2_rollup","        local = local.global.utility2_rollup || local;","        // init lib","        local.local = local.npmtest_trianglify = local;","        // init exports","        if (local.modeJs === 'browser') {","            local.global.utility2_npmtest_trianglify = local;","        } else {","            module.exports = local;","            module.exports.__dirname = __dirname;","            module.exports.module = module;","        }","    }());","}());",""],"l":{"12":2,"14":2,"19":2,"21":2,"23":2,"24":2,"25":2,"30":1,"37":2,"41":2,"43":2,"45":2,"46":1,"48":1,"49":1,"50":1}},"/home/travis/build/npmtest/node-npmtest-trianglify/example.js":{"path":"/home/travis/build/npmtest/node-npmtest-trianglify/example.js","s":{"1":2,"2":2,"3":2,"4":2,"5":2,"6":2,"7":2,"8":1,"9":2,"10":2,"11":2,"12":2,"13":1,"14":2,"15":2,"16":2,"17":2,"18":2,"19":0,"20":2,"21":1,"22":1,"23":1,"24":1,"25":1,"26":0,"27":0,"28":1,"29":1,"30":2,"31":0,"32":0,"33":0,"34":1,"35":2,"36":2,"37":3,"38":3,"39":3,"40":3,"41":0,"42":3,"43":3,"44":3,"45":1,"46":3,"47":1,"48":1,"49":1,"50":1,"51":1,"52":1,"53":1,"54":1,"55":1,"56":1,"57":0,"58":1,"59":6,"60":6,"61":1,"62":2,"63":0,"64":2,"65":1,"66":1,"67":0,"68":0,"69":0,"70":0,"71":0,"72":0,"73":0,"74":0,"75":0,"76":0,"77":0,"78":0,"79":0,"80":0,"81":0,"82":0,"83":0},"b":{"1":[2,1,1,1],"2":[1,1,1,1],"3":[1,1],"4":[2,2],"5":[1,1],"6":[1,1],"7":[2,0],"8":[2,1,1,1,1,1],"9":[0,2,0],"10":[1,1],"11":[2,1,1],"12":[1,0],"13":[0,2],"14":[2,0,0,0,0,0,0],"15":[0,3],"16":[3,0],"17":[1,1],"18":[0,1],"19":[1,2,0,2],"20":[1,0],"21":[1,1],"22":[0,0],"23":[0,0],"24":[0,0],"25":[0,0],"26":[0,0],"27":[0,0],"28":[0,0]},"f":{"1":2,"2":2,"3":2,"4":2,"5":2,"6":2,"7":3,"8":3,"9":3,"10":1,"11":6,"12":0},"fnMap":{"1":{"name":"(anonymous_1)","line":26,"loc":{"start":{"line":26,"column":1},"end":{"line":26,"column":13}}},"2":{"name":"(anonymous_2)","line":33,"loc":{"start":{"line":33,"column":5},"end":{"line":33,"column":17}}},"3":{"name":"(anonymous_3)","line":37,"loc":{"start":{"line":37,"column":24},"end":{"line":37,"column":36}}},"4":{"name":"(anonymous_4)","line":69,"loc":{"start":{"line":69,"column":31},"end":{"line":69,"column":48}},"skip":true},"5":{"name":"(anonymous_5)","line":78,"loc":{"start":{"line":78,"column":26},"end":{"line":78,"column":45}},"skip":true},"6":{"name":"(anonymous_6)","line":123,"loc":{"start":{"line":123,"column":33},"end":{"line":123,"column":48}},"skip":true},"7":{"name":"(anonymous_7)","line":125,"loc":{"start":{"line":125,"column":27},"end":{"line":125,"column":39}},"skip":true},"8":{"name":"(anonymous_8)","line":133,"loc":{"start":{"line":133,"column":59},"end":{"line":133,"column":74}},"skip":true},"9":{"name":"(anonymous_9)","line":143,"loc":{"start":{"line":143,"column":45},"end":{"line":143,"column":62}},"skip":true},"10":{"name":"(anonymous_10)","line":144,"loc":{"start":{"line":144,"column":73},"end":{"line":144,"column":92}},"skip":true},"11":{"name":"(anonymous_11)","line":272,"loc":{"start":{"line":272,"column":51},"end":{"line":272,"column":77}},"skip":true},"12":{"name":"(anonymous_12)","line":315,"loc":{"start":{"line":315,"column":32},"end":{"line":315,"column":61}},"skip":true}},"statementMap":{"1":{"start":{"line":26,"column":0},"end":{"line":326,"column":5}},"2":{"start":{"line":28,"column":4},"end":{"line":28,"column":14}},"3":{"start":{"line":33,"column":4},"end":{"line":60,"column":9}},"4":{"start":{"line":35,"column":8},"end":{"line":35,"column":19}},"5":{"start":{"line":37,"column":8},"end":{"line":49,"column":13}},"6":{"start":{"line":38,"column":12},"end":{"line":48,"column":13}},"7":{"start":{"line":39,"column":16},"end":{"line":42,"column":30}},"8":{"start":{"line":44,"column":16},"end":{"line":47,"column":27}},"9":{"start":{"line":51,"column":8},"end":{"line":53,"column":21}},"10":{"start":{"line":55,"column":8},"end":{"line":57,"column":45}},"11":{"start":{"line":59,"column":8},"end":{"line":59,"column":35}},"12":{"start":{"line":61,"column":4},"end":{"line":325,"column":5}},"13":{"start":{"line":69,"column":8},"end":{"line":121,"column":10},"skip":true},"14":{"start":{"line":70,"column":12},"end":{"line":88,"column":13},"skip":true},"15":{"start":{"line":76,"column":16},"end":{"line":87,"column":19},"skip":true},"16":{"start":{"line":79,"column":20},"end":{"line":86,"column":21},"skip":true},"17":{"start":{"line":82,"column":24},"end":{"line":82,"column":43},"skip":true},"18":{"start":{"line":83,"column":24},"end":{"line":83,"column":30},"skip":true},"19":{"start":{"line":85,"column":24},"end":{"line":85,"column":49},"skip":true},"20":{"start":{"line":89,"column":12},"end":{"line":107,"column":13},"skip":true},"21":{"start":{"line":92,"column":16},"end":{"line":102,"column":17},"skip":true},"22":{"start":{"line":93,"column":20},"end":{"line":93,"column":86},"skip":true},"23":{"start":{"line":94,"column":20},"end":{"line":95,"column":45},"skip":true},"24":{"start":{"line":96,"column":20},"end":{"line":96,"column":42},"skip":true},"25":{"start":{"line":97,"column":20},"end":{"line":97,"column":48},"skip":true},"26":{"start":{"line":100,"column":20},"end":{"line":100,"column":85},"skip":true},"27":{"start":{"line":101,"column":20},"end":{"line":101,"column":96},"skip":true},"28":{"start":{"line":103,"column":16},"end":{"line":103,"column":22},"skip":true},"29":{"start":{"line":106,"column":16},"end":{"line":106,"column":22},"skip":true},"30":{"start":{"line":108,"column":12},"end":{"line":120,"column":13},"skip":true},"31":{"start":{"line":114,"column":16},"end":{"line":119,"column":17},"skip":true},"32":{"start":{"line":116,"column":20},"end":{"line":116,"column":78},"skip":true},"33":{"start":{"line":118,"column":20},"end":{"line":118,"column":47},"skip":true},"34":{"start":{"line":123,"column":8},"end":{"line":141,"column":11},"skip":true},"35":{"start":{"line":124,"column":12},"end":{"line":124,"column":54},"skip":true},"36":{"start":{"line":125,"column":12},"end":{"line":140,"column":14},"skip":true},"37":{"start":{"line":126,"column":16},"end":{"line":126,"column":28},"skip":true},"38":{"start":{"line":127,"column":16},"end":{"line":127,"column":69},"skip":true},"39":{"start":{"line":128,"column":16},"end":{"line":128,"column":75},"skip":true},"40":{"start":{"line":129,"column":16},"end":{"line":131,"column":17},"skip":true},"41":{"start":{"line":130,"column":20},"end":{"line":130,"column":27},"skip":true},"42":{"start":{"line":133,"column":16},"end":{"line":137,"column":36},"skip":true},"43":{"start":{"line":134,"column":20},"end":{"line":136,"column":55},"skip":true},"44":{"start":{"line":139,"column":16},"end":{"line":139,"column":57},"skip":true},"45":{"start":{"line":143,"column":8},"end":{"line":147,"column":11},"skip":true},"46":{"start":{"line":144,"column":12},"end":{"line":146,"column":15},"skip":true},"47":{"start":{"line":145,"column":16},"end":{"line":145,"column":70},"skip":true},"48":{"start":{"line":149,"column":8},"end":{"line":149,"column":31},"skip":true},"49":{"start":{"line":150,"column":8},"end":{"line":150,"column":14},"skip":true},"50":{"start":{"line":158,"column":8},"end":{"line":158,"column":31},"skip":true},"51":{"start":{"line":160,"column":8},"end":{"line":160,"column":33},"skip":true},"52":{"start":{"line":161,"column":8},"end":{"line":161,"column":37},"skip":true},"53":{"start":{"line":162,"column":8},"end":{"line":162,"column":35},"skip":true},"54":{"start":{"line":164,"column":8},"end":{"line":164,"column":50},"skip":true},"55":{"start":{"line":166,"column":8},"end":{"line":256,"column":2},"skip":true},"56":{"start":{"line":258,"column":8},"end":{"line":286,"column":9},"skip":true},"57":{"start":{"line":259,"column":12},"end":{"line":269,"column":14},"skip":true},"58":{"start":{"line":271,"column":12},"end":{"line":285,"column":19},"skip":true},"59":{"start":{"line":274,"column":20},"end":{"line":274,"column":35},"skip":true},"60":{"start":{"line":275,"column":20},"end":{"line":284,"column":21},"skip":true},"61":{"start":{"line":277,"column":24},"end":{"line":277,"column":64},"skip":true},"62":{"start":{"line":279,"column":24},"end":{"line":279,"column":40},"skip":true},"63":{"start":{"line":281,"column":24},"end":{"line":281,"column":40},"skip":true},"64":{"start":{"line":283,"column":24},"end":{"line":283,"column":39},"skip":true},"65":{"start":{"line":288,"column":8},"end":{"line":290,"column":9},"skip":true},"66":{"start":{"line":289,"column":12},"end":{"line":289,"column":18},"skip":true},"67":{"start":{"line":291,"column":8},"end":{"line":293,"column":54},"skip":true},"68":{"start":{"line":296,"column":8},"end":{"line":301,"column":37},"skip":true},"69":{"start":{"line":303,"column":8},"end":{"line":303,"column":82},"skip":true},"70":{"start":{"line":306,"column":8},"end":{"line":308,"column":9},"skip":true},"71":{"start":{"line":307,"column":12},"end":{"line":307,"column":82},"skip":true},"72":{"start":{"line":310,"column":8},"end":{"line":312,"column":9},"skip":true},"73":{"start":{"line":311,"column":12},"end":{"line":311,"column":18},"skip":true},"74":{"start":{"line":313,"column":8},"end":{"line":313,"column":54},"skip":true},"75":{"start":{"line":314,"column":8},"end":{"line":314,"column":69},"skip":true},"76":{"start":{"line":315,"column":8},"end":{"line":323,"column":36},"skip":true},"77":{"start":{"line":316,"column":12},"end":{"line":316,"column":61},"skip":true},"78":{"start":{"line":317,"column":12},"end":{"line":320,"column":13},"skip":true},"79":{"start":{"line":318,"column":16},"end":{"line":318,"column":75},"skip":true},"80":{"start":{"line":319,"column":16},"end":{"line":319,"column":23},"skip":true},"81":{"start":{"line":321,"column":12},"end":{"line":321,"column":38},"skip":true},"82":{"start":{"line":322,"column":12},"end":{"line":322,"column":27},"skip":true},"83":{"start":{"line":324,"column":8},"end":{"line":324,"column":14},"skip":true}},"branchMap":{"1":{"line":39,"type":"binary-expr","locations":[{"start":{"line":39,"column":23},"end":{"line":39,"column":62}},{"start":{"line":40,"column":20},"end":{"line":40,"column":70}},{"start":{"line":41,"column":20},"end":{"line":41,"column":71}},{"start":{"line":42,"column":20},"end":{"line":42,"column":29}}]},"2":{"line":44,"type":"binary-expr","locations":[{"start":{"line":44,"column":23},"end":{"line":44,"column":37}},{"start":{"line":45,"column":20},"end":{"line":45,"column":61}},{"start":{"line":46,"column":20},"end":{"line":46,"column":70}},{"start":{"line":47,"column":20},"end":{"line":47,"column":26}}]},"3":{"line":51,"type":"cond-expr","locations":[{"start":{"line":52,"column":14},"end":{"line":52,"column":20}},{"start":{"line":53,"column":14},"end":{"line":53,"column":20}}]},"4":{"line":55,"type":"binary-expr","locations":[{"start":{"line":55,"column":16},"end":{"line":55,"column":44}},{"start":{"line":55,"column":49},"end":{"line":57,"column":43}}]},"5":{"line":55,"type":"cond-expr","locations":[{"start":{"line":56,"column":14},"end":{"line":56,"column":54}},{"start":{"line":57,"column":14},"end":{"line":57,"column":43}}]},"6":{"line":61,"type":"switch","locations":[{"start":{"line":68,"column":4},"end":{"line":150,"column":14},"skip":true},{"start":{"line":156,"column":4},"end":{"line":324,"column":14},"skip":true}]},"7":{"line":70,"type":"if","locations":[{"start":{"line":70,"column":12},"end":{"line":70,"column":12},"skip":true},{"start":{"line":70,"column":12},"end":{"line":70,"column":12},"skip":true}]},"8":{"line":70,"type":"binary-expr","locations":[{"start":{"line":70,"column":16},"end":{"line":70,"column":22},"skip":true},{"start":{"line":70,"column":27},"end":{"line":70,"column":32},"skip":true},{"start":{"line":71,"column":20},"end":{"line":71,"column":39},"skip":true},{"start":{"line":72,"column":20},"end":{"line":72,"column":49},"skip":true},{"start":{"line":73,"column":20},"end":{"line":73,"column":58},"skip":true},{"start":{"line":74,"column":20},"end":{"line":74,"column":69},"skip":true}]},"9":{"line":79,"type":"switch","locations":[{"start":{"line":80,"column":20},"end":{"line":80,"column":33},"skip":true},{"start":{"line":81,"column":20},"end":{"line":83,"column":30},"skip":true},{"start":{"line":84,"column":20},"end":{"line":85,"column":49},"skip":true}]},"10":{"line":89,"type":"switch","locations":[{"start":{"line":90,"column":12},"end":{"line":103,"column":22},"skip":true},{"start":{"line":105,"column":12},"end":{"line":106,"column":22},"skip":true}]},"11":{"line":89,"type":"binary-expr","locations":[{"start":{"line":89,"column":20},"end":{"line":89,"column":25},"skip":true},{"start":{"line":89,"column":29},"end":{"line":89,"column":48},"skip":true},{"start":{"line":89,"column":52},"end":{"line":89,"column":74},"skip":true}]},"12":{"line":92,"type":"if","locations":[{"start":{"line":92,"column":16},"end":{"line":92,"column":16},"skip":true},{"start":{"line":92,"column":16},"end":{"line":92,"column":16},"skip":true}]},"13":{"line":108,"type":"if","locations":[{"start":{"line":108,"column":12},"end":{"line":108,"column":12},"skip":true},{"start":{"line":108,"column":12},"end":{"line":108,"column":12},"skip":true}]},"14":{"line":108,"type":"binary-expr","locations":[{"start":{"line":108,"column":16},"end":{"line":108,"column":61},"skip":true},{"start":{"line":108,"column":66},"end":{"line":108,"column":72},"skip":true},{"start":{"line":108,"column":77},"end":{"line":108,"column":82},"skip":true},{"start":{"line":109,"column":20},"end":{"line":109,"column":39},"skip":true},{"start":{"line":110,"column":20},"end":{"line":110,"column":49},"skip":true},{"start":{"line":111,"column":20},"end":{"line":111,"column":58},"skip":true},{"start":{"line":112,"column":20},"end":{"line":112,"column":68},"skip":true}]},"15":{"line":129,"type":"if","locations":[{"start":{"line":129,"column":16},"end":{"line":129,"column":16},"skip":true},{"start":{"line":129,"column":16},"end":{"line":129,"column":16},"skip":true}]},"16":{"line":134,"type":"cond-expr","locations":[{"start":{"line":135,"column":26},"end":{"line":135,"column":29},"skip":true},{"start":{"line":136,"column":26},"end":{"line":136,"column":54},"skip":true}]},"17":{"line":164,"type":"binary-expr","locations":[{"start":{"line":164,"column":27},"end":{"line":164,"column":43},"skip":true},{"start":{"line":164,"column":47},"end":{"line":164,"column":49},"skip":true}]},"18":{"line":258,"type":"if","locations":[{"start":{"line":258,"column":8},"end":{"line":258,"column":8},"skip":true},{"start":{"line":258,"column":8},"end":{"line":258,"column":8},"skip":true}]},"19":{"line":275,"type":"switch","locations":[{"start":{"line":276,"column":20},"end":{"line":277,"column":64},"skip":true},{"start":{"line":278,"column":20},"end":{"line":279,"column":40},"skip":true},{"start":{"line":280,"column":20},"end":{"line":281,"column":40},"skip":true},{"start":{"line":282,"column":20},"end":{"line":283,"column":39},"skip":true}]},"20":{"line":288,"type":"if","locations":[{"start":{"line":288,"column":8},"end":{"line":288,"column":8},"skip":true},{"start":{"line":288,"column":8},"end":{"line":288,"column":8},"skip":true}]},"21":{"line":288,"type":"binary-expr","locations":[{"start":{"line":288,"column":12},"end":{"line":288,"column":40},"skip":true},{"start":{"line":288,"column":44},"end":{"line":288,"column":67},"skip":true}]},"22":{"line":292,"type":"binary-expr","locations":[{"start":{"line":292,"column":12},"end":{"line":292,"column":50},"skip":true},{"start":{"line":293,"column":12},"end":{"line":293,"column":53},"skip":true}]},"23":{"line":297,"type":"binary-expr","locations":[{"start":{"line":297,"column":12},"end":{"line":297,"column":68},"skip":true},{"start":{"line":298,"column":12},"end":{"line":301,"column":36},"skip":true}]},"24":{"line":303,"type":"binary-expr","locations":[{"start":{"line":303,"column":43},"end":{"line":303,"column":75},"skip":true},{"start":{"line":303,"column":79},"end":{"line":303,"column":81},"skip":true}]},"25":{"line":306,"type":"if","locations":[{"start":{"line":306,"column":8},"end":{"line":306,"column":8},"skip":true},{"start":{"line":306,"column":8},"end":{"line":306,"column":8},"skip":true}]},"26":{"line":310,"type":"if","locations":[{"start":{"line":310,"column":8},"end":{"line":310,"column":8},"skip":true},{"start":{"line":310,"column":8},"end":{"line":310,"column":8},"skip":true}]},"27":{"line":313,"type":"binary-expr","locations":[{"start":{"line":313,"column":27},"end":{"line":313,"column":43},"skip":true},{"start":{"line":313,"column":47},"end":{"line":313,"column":53},"skip":true}]},"28":{"line":317,"type":"if","locations":[{"start":{"line":317,"column":12},"end":{"line":317,"column":12},"skip":true},{"start":{"line":317,"column":12},"end":{"line":317,"column":12},"skip":true}]}},"code":["/*","example.js","","quickstart example","","instruction","    1. save this script as example.js","    2. run the shell command:","        $ npm install npmtest-trianglify && PORT=8081 node example.js","    3. play with the browser-demo on http://127.0.0.1:8081","*/","","","","/* istanbul instrument in package npmtest_trianglify */","/*jslint","    bitwise: true,","    browser: true,","    maxerr: 8,","    maxlen: 96,","    node: true,","    nomen: true,","    regexp: true,","    stupid: true","*/","(function () {","    'use strict';","    var local;","","","","    // run shared js-env code - pre-init","    (function () {","        // init local","        local = {};","        // init modeJs","        local.modeJs = (function () {","            try {","                return typeof navigator.userAgent === 'string' &&","                    typeof document.querySelector('body') === 'object' &&","                    typeof XMLHttpRequest.prototype.open === 'function' &&","                    'browser';","            } catch (errorCaughtBrowser) {","                return module.exports &&","                    typeof process.versions.node === 'string' &&","                    typeof require('http').createServer === 'function' &&","                    'node';","            }","        }());","        // init global","        local.global = local.modeJs === 'browser'","            ? window","            : global;","        // init utility2_rollup","        local = local.global.utility2_rollup || (local.modeJs === 'browser'","            ? local.global.utility2_npmtest_trianglify","            : global.utility2_moduleExports);","        // export local","        local.global.local = local;","    }());","    switch (local.modeJs) {","","","","    // post-init","    // run browser js-env code - post-init","    /* istanbul ignore next */","    case 'browser':","        local.testRunBrowser = function (event) {","            if (!event || (event &&","                    event.currentTarget &&","                    event.currentTarget.className &&","                    event.currentTarget.className.includes &&","                    event.currentTarget.className.includes('onreset'))) {","                // reset output","                Array.from(","                    document.querySelectorAll('body > .resettable')","                ).forEach(function (element) {","                    switch (element.tagName) {","                    case 'INPUT':","                    case 'TEXTAREA':","                        element.value = '';","                        break;","                    default:","                        element.textContent = '';","                    }","                });","            }","            switch (event && event.currentTarget && event.currentTarget.id) {","            case 'testRunButton1':","                // show tests","                if (document.querySelector('#testReportDiv1').style.display === 'none') {","                    document.querySelector('#testReportDiv1').style.display = 'block';","                    document.querySelector('#testRunButton1').textContent =","                        'hide internal test';","                    local.modeTest = true;","                    local.testRunDefault(local);","                // hide tests","                } else {","                    document.querySelector('#testReportDiv1').style.display = 'none';","                    document.querySelector('#testRunButton1').textContent = 'run internal test';","                }","                break;","            // custom-case","            default:","                break;","            }","            if (document.querySelector('#inputTextareaEval1') && (!event || (event &&","                    event.currentTarget &&","                    event.currentTarget.className &&","                    event.currentTarget.className.includes &&","                    event.currentTarget.className.includes('oneval')))) {","                // try to eval input-code","                try {","                    /*jslint evil: true*/","                    eval(document.querySelector('#inputTextareaEval1').value);","                } catch (errorCaught) {","                    console.error(errorCaught);","                }","            }","        };","        // log stderr and stdout to #outputTextareaStdout1","        ['error', 'log'].forEach(function (key) {","            console[key + '_original'] = console[key];","            console[key] = function () {","                var element;","                console[key + '_original'].apply(console, arguments);","                element = document.querySelector('#outputTextareaStdout1');","                if (!element) {","                    return;","                }","                // append text to #outputTextareaStdout1","                element.value += Array.from(arguments).map(function (arg) {","                    return typeof arg === 'string'","                        ? arg","                        : JSON.stringify(arg, null, 4);","                }).join(' ') + '\\n';","                // scroll textarea to bottom","                element.scrollTop = element.scrollHeight;","            };","        });","        // init event-handling","        ['change', 'click', 'keyup'].forEach(function (event) {","            Array.from(document.querySelectorAll('.on' + event)).forEach(function (element) {","                element.addEventListener(event, local.testRunBrowser);","            });","        });","        // run tests","        local.testRunBrowser();","        break;","","","","    // run node js-env code - post-init","    /* istanbul ignore next */","    case 'node':","        // export local","        module.exports = local;","        // require modules","        local.fs = require('fs');","        local.http = require('http');","        local.url = require('url');","        // init assets","        local.assetsDict = local.assetsDict || {};","        /* jslint-ignore-begin */","        local.assetsDict['/assets.index.template.html'] = '\\","<!doctype html>\\n\\","<html lang=\"en\">\\n\\","<head>\\n\\","<meta charset=\"UTF-8\">\\n\\","<meta name=\"viewport\" content=\"width=device-width, initial-scale=1\">\\n\\","<title>{{env.npm_package_name}} (v{{env.npm_package_version}})</title>\\n\\","<style>\\n\\","/*csslint\\n\\","    box-sizing: false,\\n\\","    universal-selector: false\\n\\","*/\\n\\","* {\\n\\","    box-sizing: border-box;\\n\\","}\\n\\","body {\\n\\","    background: #dde;\\n\\","    font-family: Arial, Helvetica, sans-serif;\\n\\","    margin: 2rem;\\n\\","}\\n\\","body > * {\\n\\","    margin-bottom: 1rem;\\n\\","}\\n\\",".utility2FooterDiv {\\n\\","    margin-top: 20px;\\n\\","    text-align: center;\\n\\","}\\n\\","</style>\\n\\","<style>\\n\\","/*csslint\\n\\","*/\\n\\","textarea {\\n\\","    font-family: monospace;\\n\\","    height: 10rem;\\n\\","    width: 100%;\\n\\","}\\n\\","textarea[readonly] {\\n\\","    background: #ddd;\\n\\","}\\n\\","</style>\\n\\","</head>\\n\\","<body>\\n\\","<!-- utility2-comment\\n\\","<div id=\"ajaxProgressDiv1\" style=\"background: #d00; height: 2px; left: 0; margin: 0; padding: 0; position: fixed; top: 0; transition: background 0.5s, width 1.5s; width: 25%;\"></div>\\n\\","utility2-comment -->\\n\\","<h1>\\n\\","<!-- utility2-comment\\n\\","    <a\\n\\","        {{#if env.npm_package_homepage}}\\n\\","        href=\"{{env.npm_package_homepage}}\"\\n\\","        {{/if env.npm_package_homepage}}\\n\\","        target=\"_blank\"\\n\\","    >\\n\\","utility2-comment -->\\n\\","        {{env.npm_package_name}} (v{{env.npm_package_version}})\\n\\","<!-- utility2-comment\\n\\","    </a>\\n\\","utility2-comment -->\\n\\","</h1>\\n\\","<h3>{{env.npm_package_description}}</h3>\\n\\","<!-- utility2-comment\\n\\","<h4><a download href=\"assets.app.js\">download standalone app</a></h4>\\n\\","<button class=\"onclick onreset\" id=\"testRunButton1\">run internal test</button><br>\\n\\","<div id=\"testReportDiv1\" style=\"display: none;\"></div>\\n\\","utility2-comment -->\\n\\","\\n\\","\\n\\","\\n\\","<label>stderr and stdout</label>\\n\\","<textarea class=\"resettable\" id=\"outputTextareaStdout1\" readonly></textarea>\\n\\","<!-- utility2-comment\\n\\","{{#if isRollup}}\\n\\","<script src=\"assets.app.js\"></script>\\n\\","{{#unless isRollup}}\\n\\","utility2-comment -->\\n\\","<script src=\"assets.utility2.rollup.js\"></script>\\n\\","<script src=\"jsonp.utility2._stateInit?callback=window.utility2._stateInit\"></script>\\n\\","<script src=\"assets.npmtest_trianglify.rollup.js\"></script>\\n\\","<script src=\"assets.example.js\"></script>\\n\\","<script src=\"assets.test.js\"></script>\\n\\","<!-- utility2-comment\\n\\","{{/if isRollup}}\\n\\","utility2-comment -->\\n\\","<div class=\"utility2FooterDiv\">\\n\\","    [ this app was created with\\n\\","    <a href=\"https://github.com/kaizhu256/node-utility2\" target=\"_blank\">utility2</a>\\n\\","    ]\\n\\","</div>\\n\\","</body>\\n\\","</html>\\n\\","';","        /* jslint-ignore-end */","        if (local.templateRender) {","            local.assetsDict['/'] = local.templateRender(","                local.assetsDict['/assets.index.template.html'],","                {","                    env: local.objectSetDefault(local.env, {","                        npm_package_description: 'the greatest app in the world!',","                        npm_package_name: 'my-app',","                        npm_package_nameAlias: 'my_app',","                        npm_package_version: '0.0.1'","                    })","                }","            );","        } else {","            local.assetsDict['/'] = local.assetsDict['/assets.index.template.html']","                .replace((/\\{\\{env\\.(\\w+?)\\}\\}/g), function (match0, match1) {","                    // jslint-hack","                    String(match0);","                    switch (match1) {","                    case 'npm_package_description':","                        return 'the greatest app in the world!';","                    case 'npm_package_name':","                        return 'my-app';","                    case 'npm_package_nameAlias':","                        return 'my_app';","                    case 'npm_package_version':","                        return '0.0.1';","                    }","                });","        }","        // run the cli","        if (local.global.utility2_rollup || module !== require.main) {","            break;","        }","        local.assetsDict['/assets.example.js'] =","            local.assetsDict['/assets.example.js'] ||","            local.fs.readFileSync(__filename, 'utf8');","        // bug-workaround - long $npm_package_buildCustomOrg","        /* jslint-ignore-begin */","        local.assetsDict['/assets.npmtest_trianglify.rollup.js'] =","            local.assetsDict['/assets.npmtest_trianglify.rollup.js'] ||","            local.fs.readFileSync(","                local.npmtest_trianglify.__dirname + '/lib.npmtest_trianglify.js',","                'utf8'","            ).replace((/^#!/), '//');","        /* jslint-ignore-end */","        local.assetsDict['/favicon.ico'] = local.assetsDict['/favicon.ico'] || '';","        // if $npm_config_timeout_exit exists,","        // then exit this process after $npm_config_timeout_exit ms","        if (Number(process.env.npm_config_timeout_exit)) {","            setTimeout(process.exit, Number(process.env.npm_config_timeout_exit));","        }","        // start server","        if (local.global.utility2_serverHttp1) {","            break;","        }","        process.env.PORT = process.env.PORT || '8081';","        console.error('server starting on port ' + process.env.PORT);","        local.http.createServer(function (request, response) {","            request.urlParsed = local.url.parse(request.url);","            if (local.assetsDict[request.urlParsed.pathname] !== undefined) {","                response.end(local.assetsDict[request.urlParsed.pathname]);","                return;","            }","            response.statusCode = 404;","            response.end();","        }).listen(process.env.PORT);","        break;","    }","}());",""],"l":{"26":2,"28":2,"33":2,"35":2,"37":2,"38":2,"39":2,"44":1,"51":2,"55":2,"59":2,"61":2,"69":1,"70":2,"76":2,"79":2,"82":2,"83":2,"85":1,"89":2,"92":1,"93":1,"94":1,"96":1,"97":1,"100":1,"101":1,"103":1,"106":1,"108":2,"114":1,"116":1,"118":1,"123":1,"124":2,"125":2,"126":3,"127":3,"128":3,"129":3,"130":1,"133":3,"134":3,"139":3,"143":1,"144":3,"145":1,"149":1,"150":1,"158":1,"160":1,"161":1,"162":1,"164":1,"166":1,"258":1,"259":1,"271":1,"274":6,"275":6,"277":1,"279":2,"281":1,"283":2,"288":1,"289":1,"291":1,"296":1,"303":1,"306":1,"307":1,"310":1,"311":1,"313":1,"314":1,"315":1,"316":1,"317":1,"318":1,"319":1,"321":1,"322":1,"324":1}},"/home/travis/build/npmtest/node-npmtest-trianglify/node_modules/trianglify/lib/trianglify.js":{"path":"/home/travis/build/npmtest/node-npmtest-trianglify/node_modules/trianglify/lib/trianglify.js","s":{"1":1,"2":1,"3":1,"4":1,"5":1,"6":1,"7":1,"8":1,"9":0,"10":0,"11":0,"12":0,"13":0,"14":0,"15":0,"16":0,"17":0,"18":0,"19":0,"20":0,"21":0,"22":0,"23":0,"24":0,"25":0,"26":0,"27":0,"28":0,"29":0,"30":0,"31":0,"32":0,"33":0,"34":0,"35":0,"36":0,"37":0,"38":0,"39":0,"40":0,"41":0,"42":0,"43":0,"44":0,"45":0,"46":0,"47":0,"48":0,"49":0,"50":0,"51":0,"52":1,"53":0,"54":1,"55":0,"56":1,"57":0,"58":0,"59":0,"60":0,"61":1,"62":0,"63":0,"64":0,"65":0,"66":0,"67":0,"68":0,"69":0,"70":1,"71":1,"72":1},"b":{"1":[0,0],"2":[0,0],"3":[0,0],"4":[0,0],"5":[0,0],"6":[0,0],"7":[0,0],"8":[0,0],"9":[0,0],"10":[0,0]},"f":{"1":0,"2":0,"3":0,"4":0,"5":0,"6":0,"7":0,"8":0,"9":0,"10":0},"fnMap":{"1":{"name":"Trianglify","line":37,"loc":{"start":{"line":37,"column":0},"end":{"line":37,"column":26}}},"2":{"name":"(anonymous_2)","line":64,"loc":{"start":{"line":64,"column":15},"end":{"line":64,"column":30}}},"3":{"name":"(anonymous_3)","line":70,"loc":{"start":{"line":70,"column":15},"end":{"line":70,"column":30}}},"4":{"name":"(anonymous_4)","line":94,"loc":{"start":{"line":94,"column":15},"end":{"line":94,"column":27}}},"5":{"name":"(anonymous_5)","line":98,"loc":{"start":{"line":98,"column":15},"end":{"line":98,"column":27}}},"6":{"name":"(anonymous_6)","line":110,"loc":{"start":{"line":110,"column":21},"end":{"line":110,"column":33}}},"7":{"name":"_map","line":126,"loc":{"start":{"line":126,"column":2},"end":{"line":126,"column":43}}},"8":{"name":"_centroid","line":131,"loc":{"start":{"line":131,"column":2},"end":{"line":131,"column":24}}},"9":{"name":"_random_from_palette","line":139,"loc":{"start":{"line":139,"column":2},"end":{"line":139,"column":34}}},"10":{"name":"_merge_opts","line":149,"loc":{"start":{"line":149,"column":2},"end":{"line":149,"column":42}}}},"statementMap":{"1":{"start":{"line":8,"column":0},"end":{"line":8,"column":40}},"2":{"start":{"line":9,"column":0},"end":{"line":9,"column":39}},"3":{"start":{"line":10,"column":0},"end":{"line":10,"column":34}},"4":{"start":{"line":11,"column":0},"end":{"line":11,"column":43}},"5":{"start":{"line":12,"column":0},"end":{"line":12,"column":43}},"6":{"start":{"line":14,"column":0},"end":{"line":14,"column":35}},"7":{"start":{"line":16,"column":0},"end":{"line":29,"column":2}},"8":{"start":{"line":37,"column":0},"end":{"line":167,"column":1}},"9":{"start":{"line":38,"column":2},"end":{"line":38,"column":11}},"10":{"start":{"line":41,"column":2},"end":{"line":41,"column":37}},"11":{"start":{"line":44,"column":2},"end":{"line":44,"column":31}},"12":{"start":{"line":47,"column":2},"end":{"line":47,"column":73}},"13":{"start":{"line":47,"column":34},"end":{"line":47,"column":73}},"14":{"start":{"line":48,"column":2},"end":{"line":48,"column":73}},"15":{"start":{"line":48,"column":34},"end":{"line":48,"column":73}},"16":{"start":{"line":49,"column":2},"end":{"line":49,"column":65}},"17":{"start":{"line":49,"column":35},"end":{"line":49,"column":65}},"18":{"start":{"line":52,"column":2},"end":{"line":54,"column":3}},"19":{"start":{"line":53,"column":4},"end":{"line":53,"column":71}},"20":{"start":{"line":56,"column":2},"end":{"line":58,"column":3}},"21":{"start":{"line":57,"column":4},"end":{"line":57,"column":57}},"22":{"start":{"line":61,"column":2},"end":{"line":61,"column":15}},"23":{"start":{"line":63,"column":2},"end":{"line":73,"column":3}},"24":{"start":{"line":64,"column":4},"end":{"line":66,"column":6}},"25":{"start":{"line":65,"column":6},"end":{"line":65,"column":47}},"26":{"start":{"line":68,"column":4},"end":{"line":68,"column":69}},"27":{"start":{"line":69,"column":4},"end":{"line":69,"column":69}},"28":{"start":{"line":70,"column":4},"end":{"line":72,"column":6}},"29":{"start":{"line":71,"column":6},"end":{"line":71,"column":79}},"30":{"start":{"line":79,"column":2},"end":{"line":79,"column":25}},"31":{"start":{"line":80,"column":2},"end":{"line":80,"column":27}},"32":{"start":{"line":83,"column":2},"end":{"line":83,"column":74}},"33":{"start":{"line":84,"column":2},"end":{"line":84,"column":75}},"34":{"start":{"line":87,"column":2},"end":{"line":87,"column":55}},"35":{"start":{"line":88,"column":2},"end":{"line":88,"column":56}},"36":{"start":{"line":91,"column":2},"end":{"line":91,"column":52}},"37":{"start":{"line":94,"column":2},"end":{"line":96,"column":4}},"38":{"start":{"line":95,"column":4},"end":{"line":95,"column":54}},"39":{"start":{"line":98,"column":2},"end":{"line":100,"column":4}},"40":{"start":{"line":99,"column":4},"end":{"line":99,"column":55}},"41":{"start":{"line":103,"column":2},"end":{"line":103,"column":112}},"42":{"start":{"line":106,"column":2},"end":{"line":106,"column":50}},"43":{"start":{"line":109,"column":2},"end":{"line":109,"column":21}},"44":{"start":{"line":110,"column":2},"end":{"line":110,"column":54}},"45":{"start":{"line":110,"column":35},"end":{"line":110,"column":52}},"46":{"start":{"line":111,"column":2},"end":{"line":116,"column":3}},"47":{"start":{"line":112,"column":4},"end":{"line":112,"column":93}},"48":{"start":{"line":113,"column":4},"end":{"line":113,"column":39}},"49":{"start":{"line":114,"column":4},"end":{"line":114,"column":71}},"50":{"start":{"line":115,"column":4},"end":{"line":115,"column":38}},"51":{"start":{"line":117,"column":2},"end":{"line":117,"column":34}},"52":{"start":{"line":126,"column":2},"end":{"line":128,"column":3}},"53":{"start":{"line":127,"column":4},"end":{"line":127,"column":114}},"54":{"start":{"line":131,"column":2},"end":{"line":136,"column":3}},"55":{"start":{"line":132,"column":4},"end":{"line":135,"column":6}},"56":{"start":{"line":139,"column":2},"end":{"line":146,"column":3}},"57":{"start":{"line":140,"column":4},"end":{"line":142,"column":5}},"58":{"start":{"line":141,"column":6},"end":{"line":141,"column":66}},"59":{"start":{"line":144,"column":4},"end":{"line":144,"column":41}},"60":{"start":{"line":145,"column":4},"end":{"line":145,"column":62}},"61":{"start":{"line":149,"column":2},"end":{"line":165,"column":3}},"62":{"start":{"line":150,"column":4},"end":{"line":150,"column":17}},"63":{"start":{"line":153,"column":4},"end":{"line":155,"column":5}},"64":{"start":{"line":154,"column":6},"end":{"line":154,"column":31}},"65":{"start":{"line":157,"column":4},"end":{"line":163,"column":5}},"66":{"start":{"line":158,"column":6},"end":{"line":162,"column":7}},"67":{"start":{"line":159,"column":8},"end":{"line":159,"column":32}},"68":{"start":{"line":161,"column":8},"end":{"line":161,"column":99}},"69":{"start":{"line":164,"column":4},"end":{"line":164,"column":15}},"70":{"start":{"line":170,"column":0},"end":{"line":170,"column":37}},"71":{"start":{"line":171,"column":0},"end":{"line":171,"column":31}},"72":{"start":{"line":172,"column":0},"end":{"line":172,"column":28}}},"branchMap":{"1":{"line":47,"type":"if","locations":[{"start":{"line":47,"column":2},"end":{"line":47,"column":2}},{"start":{"line":47,"column":2},"end":{"line":47,"column":2}}]},"2":{"line":48,"type":"if","locations":[{"start":{"line":48,"column":2},"end":{"line":48,"column":2}},{"start":{"line":48,"column":2},"end":{"line":48,"column":2}}]},"3":{"line":49,"type":"if","locations":[{"start":{"line":49,"column":2},"end":{"line":49,"column":2}},{"start":{"line":49,"column":2},"end":{"line":49,"column":2}}]},"4":{"line":52,"type":"if","locations":[{"start":{"line":52,"column":2},"end":{"line":52,"column":2}},{"start":{"line":52,"column":2},"end":{"line":52,"column":2}}]},"5":{"line":52,"type":"binary-expr","locations":[{"start":{"line":52,"column":8},"end":{"line":52,"column":22}},{"start":{"line":52,"column":26},"end":{"line":52,"column":41}}]},"6":{"line":56,"type":"if","locations":[{"start":{"line":56,"column":2},"end":{"line":56,"column":2}},{"start":{"line":56,"column":2},"end":{"line":56,"column":2}}]},"7":{"line":63,"type":"if","locations":[{"start":{"line":63,"column":2},"end":{"line":63,"column":2}},{"start":{"line":63,"column":2},"end":{"line":63,"column":2}}]},"8":{"line":103,"type":"binary-expr","locations":[{"start":{"line":103,"column":15},"end":{"line":103,"column":26}},{"start":{"line":103,"column":30},"end":{"line":103,"column":111}}]},"9":{"line":140,"type":"if","locations":[{"start":{"line":140,"column":4},"end":{"line":140,"column":4}},{"start":{"line":140,"column":4},"end":{"line":140,"column":4}}]},"10":{"line":158,"type":"if","locations":[{"start":{"line":158,"column":6},"end":{"line":158,"column":6}},{"start":{"line":158,"column":6},"end":{"line":158,"column":6}}]}},"code":["/*"," * Trianglify.js"," * by @qrohlf"," *"," * Licensed under the GPLv3"," */","","var delaunay = require('delaunay-fast');","var seedrandom = require('seedrandom');","var chroma = require('chroma-js'); //PROBLEM: chroma.js is nearly 32k in size","var colorbrewer = require('./colorbrewer'); //We could use the chroma.js colorbrewer, but it's got some ugly stuff so we use our own subset.","var _generate_points = require('./points');","","var Pattern = require('./pattern');","","var defaults = {","  width: 600,                       // Width of pattern","  height: 400,                      // Height of pattern","  cell_size: 75,                    // Size of the cells used to generate a randomized grid","  variance: 0.75,                   // how much to randomize the grid","  seed: null,                       // Seed for the RNG","  x_colors: 'random',               // X color stops","  y_colors: 'match_x',              // Y color stops","  palette: colorbrewer,             // Palette to use for 'random' color option","  color_space: 'lab',               // Color space used for gradient construction & interpolation","  color_function: null,             // Color function f(x, y) that returns a color specification that is consumable by chroma-js","  stroke_width: 1.51,               // Width of stroke. Defaults to 1.51 to fix an issue with canvas antialiasing.","  points: undefined                 // An Array of [x,y] coordinates to trianglulate. Defaults to undefined, and points are generated.","};","","/*********************************************************","*","* Main function that is exported to the global namespace","*","**********************************************************/","","function Trianglify(opts) {","  var rand;","  ","  // apply defaults","  opts = _merge_opts(defaults, opts);","","  // setup seedable RNG","  rand = seedrandom(opts.seed);","","  // randomize colors if requested","  if (opts.x_colors === 'random') opts.x_colors = _random_from_palette();","  if (opts.y_colors === 'random') opts.y_colors = _random_from_palette();","  if (opts.y_colors === 'match_x') opts.y_colors = opts.x_colors;","","  // some sanity-checking","  if (!(opts.width > 0 && opts.height > 0)) {","    throw new Error(\"Width and height must be numbers greater than 0\");","  }","","  if (opts.cell_size < 2) {","    throw new Error(\"Cell size must be greater than 2.\");","  }","","  // Setup the color gradient function","  var gradient;","","  if (opts.color_function) {","    gradient = function(x, y) {","      return chroma(opts.color_function(x, y));","    };","  } else {","    var x_color = chroma.scale(opts.x_colors).mode(opts.color_space);","    var y_color = chroma.scale(opts.y_colors).mode(opts.color_space);","    gradient = function(x, y) {","      return chroma.interpolate(x_color(x), y_color(y), 0.5, opts.color_space);","    };","  }","","  // Figure out key dimensions","","  // it's a pain to prefix width and height with opts all the time, so let's","  // give them proper variables to refer to","  var width = opts.width;","  var height = opts.height;","","  // How many cells we're going to have on each axis (pad by 2 cells on each edge)","  var cells_x = Math.floor((width + 4 * opts.cell_size) / opts.cell_size);","  var cells_y = Math.floor((height + 4 * opts.cell_size) / opts.cell_size);","","  // figure out the bleed widths to center the grid","  var bleed_x = ((cells_x * opts.cell_size) - width)/2;","  var bleed_y = ((cells_y * opts.cell_size) - height)/2;","","  // how much can out points wiggle (+/-) given the cell padding?","  var variance = opts.cell_size * opts.variance / 2;","","  // Set up normalizers","  var norm_x = function(x) {","    return _map(x, [-bleed_x, width+bleed_x], [0, 1]);","  };","","  var norm_y = function(y) {","    return _map(y, [-bleed_y, height+bleed_y], [0, 1]);","  };","","  // generate a point mesh","  var points = opts.points || _generate_points(width, height, bleed_x, bleed_y, opts.cell_size, variance, rand);","","  // delaunay.triangulate gives us indices into the original coordinate array","  var geom_indices = delaunay.triangulate(points);","","  // iterate over the indices in groups of three to flatten them into polygons, with color lookup","  var triangles = [];","  var lookup_point = function(i) { return points[i];};","  for (var i=0; i < geom_indices.length; i += 3) {","    var vertices = [geom_indices[i], geom_indices[i+1], geom_indices[i+2]].map(lookup_point);","    var centroid = _centroid(vertices);","    var color = gradient(norm_x(centroid.x), norm_y(centroid.y)).hex();","    triangles.push([color, vertices]);","  }","  return Pattern(triangles, opts);","","","  /*********************************************************","  *","  * Private functions","  *","  **********************************************************/","","  function _map(num, in_range, out_range ) {","    return ( num - in_range[0] ) * ( out_range[1] - out_range[0] ) / ( in_range[1] - in_range[0] ) + out_range[0];","  }","","  //triangles only!","  function _centroid(d) {","    return {","      x: (d[0][0] + d[1][0] + d[2][0])/3,","      y: (d[0][1] + d[1][1] + d[2][1])/3","    };","  }","","  // select a random palette from colorbrewer","  function _random_from_palette() {","    if (opts.palette instanceof Array) {","      return opts.palette[Math.floor(rand()*opts.palette.length)];","    }","","    var keys = Object.keys(opts.palette);","    return opts.palette[keys[Math.floor(rand()*keys.length)]];","  }","","  // shallow extend (sort of) for option defaults","  function _merge_opts(defaults, options) {","    var out = {};","","    // shallow-copy defaults so we don't mutate the input objects (bad)","    for (var key in defaults) {","      out[key] = defaults[key];","    }","","    for (key in options) {","      if (defaults.hasOwnProperty(key)) {","        out[key] = options[key]; // override defaults with options","      } else {","        throw new Error(key+\" is not a configuration option for Trianglify. Check your spelling?\");","      }","    }","    return out;","  }","","} //end of Trianglify function closure","","// exports","Trianglify.colorbrewer = colorbrewer;","Trianglify.defaults = defaults;","module.exports = Trianglify;",""],"l":{"8":1,"9":1,"10":1,"11":1,"12":1,"14":1,"16":1,"37":1,"38":0,"41":0,"44":0,"47":0,"48":0,"49":0,"52":0,"53":0,"56":0,"57":0,"61":0,"63":0,"64":0,"65":0,"68":0,"69":0,"70":0,"71":0,"79":0,"80":0,"83":0,"84":0,"87":0,"88":0,"91":0,"94":0,"95":0,"98":0,"99":0,"103":0,"106":0,"109":0,"110":0,"111":0,"112":0,"113":0,"114":0,"115":0,"117":0,"126":1,"127":0,"131":1,"132":0,"139":1,"140":0,"141":0,"144":0,"145":0,"149":1,"150":0,"153":0,"154":0,"157":0,"158":0,"159":0,"161":0,"164":0,"170":1,"171":1,"172":1}},"/home/travis/build/npmtest/node-npmtest-trianglify/node_modules/trianglify/lib/colorbrewer.js":{"path":"/home/travis/build/npmtest/node-npmtest-trianglify/node_modules/trianglify/lib/colorbrewer.js","s":{"1":1},"b":{},"f":{},"fnMap":{},"statementMap":{"1":{"start":{"line":7,"column":0},"end":{"line":35,"column":2}}},"branchMap":{},"code":["/*"," * colorbrewer.js"," *"," * Colorbrewer colors, by Cindy Brewer"," */","","module.exports = {","  YlGn: [\"#ffffe5\",\"#f7fcb9\",\"#d9f0a3\",\"#addd8e\",\"#78c679\",\"#41ab5d\",\"#238443\",\"#006837\",\"#004529\"],","  YlGnBu: [\"#ffffd9\",\"#edf8b1\",\"#c7e9b4\",\"#7fcdbb\",\"#41b6c4\",\"#1d91c0\",\"#225ea8\",\"#253494\",\"#081d58\"],","  GnBu: [\"#f7fcf0\",\"#e0f3db\",\"#ccebc5\",\"#a8ddb5\",\"#7bccc4\",\"#4eb3d3\",\"#2b8cbe\",\"#0868ac\",\"#084081\"],","  BuGn: [\"#f7fcfd\",\"#e5f5f9\",\"#ccece6\",\"#99d8c9\",\"#66c2a4\",\"#41ae76\",\"#238b45\",\"#006d2c\",\"#00441b\"],","  PuBuGn: [\"#fff7fb\",\"#ece2f0\",\"#d0d1e6\",\"#a6bddb\",\"#67a9cf\",\"#3690c0\",\"#02818a\",\"#016c59\",\"#014636\"],","  PuBu: [\"#fff7fb\",\"#ece7f2\",\"#d0d1e6\",\"#a6bddb\",\"#74a9cf\",\"#3690c0\",\"#0570b0\",\"#045a8d\",\"#023858\"],","  BuPu: [\"#f7fcfd\",\"#e0ecf4\",\"#bfd3e6\",\"#9ebcda\",\"#8c96c6\",\"#8c6bb1\",\"#88419d\",\"#810f7c\",\"#4d004b\"],","  RdPu: [\"#fff7f3\",\"#fde0dd\",\"#fcc5c0\",\"#fa9fb5\",\"#f768a1\",\"#dd3497\",\"#ae017e\",\"#7a0177\",\"#49006a\"],","  PuRd: [\"#f7f4f9\",\"#e7e1ef\",\"#d4b9da\",\"#c994c7\",\"#df65b0\",\"#e7298a\",\"#ce1256\",\"#980043\",\"#67001f\"],","  OrRd: [\"#fff7ec\",\"#fee8c8\",\"#fdd49e\",\"#fdbb84\",\"#fc8d59\",\"#ef6548\",\"#d7301f\",\"#b30000\",\"#7f0000\"],","  YlOrRd: [\"#ffffcc\",\"#ffeda0\",\"#fed976\",\"#feb24c\",\"#fd8d3c\",\"#fc4e2a\",\"#e31a1c\",\"#bd0026\",\"#800026\"],","  YlOrBr: [\"#ffffe5\",\"#fff7bc\",\"#fee391\",\"#fec44f\",\"#fe9929\",\"#ec7014\",\"#cc4c02\",\"#993404\",\"#662506\"],","  Purples: [\"#fcfbfd\",\"#efedf5\",\"#dadaeb\",\"#bcbddc\",\"#9e9ac8\",\"#807dba\",\"#6a51a3\",\"#54278f\",\"#3f007d\"],","  Blues: [\"#f7fbff\",\"#deebf7\",\"#c6dbef\",\"#9ecae1\",\"#6baed6\",\"#4292c6\",\"#2171b5\",\"#08519c\",\"#08306b\"],","  Greens: [\"#f7fcf5\",\"#e5f5e0\",\"#c7e9c0\",\"#a1d99b\",\"#74c476\",\"#41ab5d\",\"#238b45\",\"#006d2c\",\"#00441b\"],","  Oranges: [\"#fff5eb\",\"#fee6ce\",\"#fdd0a2\",\"#fdae6b\",\"#fd8d3c\",\"#f16913\",\"#d94801\",\"#a63603\",\"#7f2704\"],","  Reds: [\"#fff5f0\",\"#fee0d2\",\"#fcbba1\",\"#fc9272\",\"#fb6a4a\",\"#ef3b2c\",\"#cb181d\",\"#a50f15\",\"#67000d\"],","  Greys: [\"#ffffff\",\"#f0f0f0\",\"#d9d9d9\",\"#bdbdbd\",\"#969696\",\"#737373\",\"#525252\",\"#252525\",\"#000000\"],","  PuOr: [\"#7f3b08\",\"#b35806\",\"#e08214\",\"#fdb863\",\"#fee0b6\",\"#f7f7f7\",\"#d8daeb\",\"#b2abd2\",\"#8073ac\",\"#542788\",\"#2d004b\"],","  BrBG: [\"#543005\",\"#8c510a\",\"#bf812d\",\"#dfc27d\",\"#f6e8c3\",\"#f5f5f5\",\"#c7eae5\",\"#80cdc1\",\"#35978f\",\"#01665e\",\"#003c30\"],","  PRGn: [\"#40004b\",\"#762a83\",\"#9970ab\",\"#c2a5cf\",\"#e7d4e8\",\"#f7f7f7\",\"#d9f0d3\",\"#a6dba0\",\"#5aae61\",\"#1b7837\",\"#00441b\"],","  PiYG: [\"#8e0152\",\"#c51b7d\",\"#de77ae\",\"#f1b6da\",\"#fde0ef\",\"#f7f7f7\",\"#e6f5d0\",\"#b8e186\",\"#7fbc41\",\"#4d9221\",\"#276419\"],","  RdBu: [\"#67001f\",\"#b2182b\",\"#d6604d\",\"#f4a582\",\"#fddbc7\",\"#f7f7f7\",\"#d1e5f0\",\"#92c5de\",\"#4393c3\",\"#2166ac\",\"#053061\"],","  RdGy: [\"#67001f\",\"#b2182b\",\"#d6604d\",\"#f4a582\",\"#fddbc7\",\"#ffffff\",\"#e0e0e0\",\"#bababa\",\"#878787\",\"#4d4d4d\",\"#1a1a1a\"],","  RdYlBu: [\"#a50026\",\"#d73027\",\"#f46d43\",\"#fdae61\",\"#fee090\",\"#ffffbf\",\"#e0f3f8\",\"#abd9e9\",\"#74add1\",\"#4575b4\",\"#313695\"],","  Spectral: [\"#9e0142\",\"#d53e4f\",\"#f46d43\",\"#fdae61\",\"#fee08b\",\"#ffffbf\",\"#e6f598\",\"#abdda4\",\"#66c2a5\",\"#3288bd\",\"#5e4fa2\"],","  RdYlGn: [\"#a50026\",\"#d73027\",\"#f46d43\",\"#fdae61\",\"#fee08b\",\"#ffffbf\",\"#d9ef8b\",\"#a6d96a\",\"#66bd63\",\"#1a9850\",\"#006837\"]","};"],"l":{"7":1}},"/home/travis/build/npmtest/node-npmtest-trianglify/node_modules/trianglify/lib/points.js":{"path":"/home/travis/build/npmtest/node-npmtest-trianglify/node_modules/trianglify/lib/points.js","s":{"1":1,"2":0,"3":0,"4":0,"5":0,"6":0,"7":0,"8":0,"9":0,"10":0,"11":0,"12":0,"13":0,"14":1},"b":{},"f":{"1":0},"fnMap":{"1":{"name":"generate_grid","line":1,"loc":{"start":{"line":1,"column":0},"end":{"line":1,"column":86}}}},"statementMap":{"1":{"start":{"line":1,"column":0},"end":{"line":18,"column":1}},"2":{"start":{"line":2,"column":2},"end":{"line":2,"column":26}},"3":{"start":{"line":3,"column":2},"end":{"line":3,"column":27}},"4":{"start":{"line":4,"column":2},"end":{"line":4,"column":39}},"5":{"start":{"line":5,"column":2},"end":{"line":5,"column":30}},"6":{"start":{"line":6,"column":2},"end":{"line":6,"column":29}},"7":{"start":{"line":8,"column":2},"end":{"line":8,"column":18}},"8":{"start":{"line":9,"column":2},"end":{"line":15,"column":3}},"9":{"start":{"line":10,"column":4},"end":{"line":14,"column":5}},"10":{"start":{"line":11,"column":6},"end":{"line":11,"column":73}},"11":{"start":{"line":12,"column":6},"end":{"line":12,"column":73}},"12":{"start":{"line":13,"column":6},"end":{"line":13,"column":50}},"13":{"start":{"line":17,"column":2},"end":{"line":17,"column":16}},"14":{"start":{"line":20,"column":0},"end":{"line":20,"column":31}}},"branchMap":{},"code":["function generate_grid(width, height, bleed_x, bleed_y, cell_size, variance, rand_fn) {","  var w = width + bleed_x;","  var h = height + bleed_y;","  var half_cell_size = cell_size * 0.5;","  var double_v = variance * 2;","  var negative_v = -variance;","","  var points = [];","  for (var i = -bleed_x; i < w; i += cell_size) {","    for (var j = -bleed_y; j < h; j += cell_size) {","      var x = (i + half_cell_size) + (rand_fn() * double_v + negative_v);","      var y = (j + half_cell_size) + (rand_fn() * double_v + negative_v);","      points.push([Math.floor(x), Math.floor(y)]);","    }","  }","","  return points;","}","","module.exports = generate_grid;",""],"l":{"1":1,"2":0,"3":0,"4":0,"5":0,"6":0,"8":0,"9":0,"10":0,"11":0,"12":0,"13":0,"17":0,"20":1}},"/home/travis/build/npmtest/node-npmtest-trianglify/node_modules/trianglify/lib/pattern.js":{"path":"/home/travis/build/npmtest/node-npmtest-trianglify/node_modules/trianglify/lib/pattern.js","s":{"1":1,"2":1,"3":1,"4":0,"5":0,"6":0,"7":0,"8":0,"9":0,"10":0,"11":0,"12":0,"13":0,"14":0,"15":0,"16":0,"17":1,"18":0,"19":0,"20":0,"21":0,"22":0,"23":0,"24":0,"25":0,"26":0,"27":0,"28":0,"29":0,"30":0,"31":0,"32":0,"33":0,"34":0,"35":0,"36":0,"37":0,"38":0,"39":0,"40":1,"41":0,"42":0,"43":1},"b":{"1":[0,1],"2":[0,0],"3":[0,0],"4":[0,0],"5":[0,0]},"f":{"1":0,"2":0,"3":0,"4":0,"5":0,"6":0},"fnMap":{"1":{"name":"Pattern","line":9,"loc":{"start":{"line":9,"column":0},"end":{"line":9,"column":30}}},"2":{"name":"render_svg","line":12,"loc":{"start":{"line":12,"column":2},"end":{"line":12,"column":31}}},"3":{"name":"(anonymous_3)","line":20,"loc":{"start":{"line":20,"column":18},"end":{"line":20,"column":33}}},"4":{"name":"render_canvas","line":33,"loc":{"start":{"line":33,"column":2},"end":{"line":33,"column":33}}},"5":{"name":"(anonymous_5)","line":54,"loc":{"start":{"line":54,"column":18},"end":{"line":54,"column":33}}},"6":{"name":"render_png","line":70,"loc":{"start":{"line":70,"column":2},"end":{"line":70,"column":24}}}},"statementMap":{"1":{"start":{"line":7,"column":0},"end":{"line":7,"column":91}},"2":{"start":{"line":9,"column":0},"end":{"line":82,"column":1}},"3":{"start":{"line":12,"column":2},"end":{"line":30,"column":3}},"4":{"start":{"line":13,"column":4},"end":{"line":13,"column":71}},"5":{"start":{"line":14,"column":4},"end":{"line":14,"column":42}},"6":{"start":{"line":15,"column":4},"end":{"line":15,"column":44}},"7":{"start":{"line":16,"column":4},"end":{"line":18,"column":5}},"8":{"start":{"line":17,"column":6},"end":{"line":17,"column":61}},"9":{"start":{"line":20,"column":4},"end":{"line":27,"column":7}},"10":{"start":{"line":21,"column":6},"end":{"line":21,"column":75}},"11":{"start":{"line":22,"column":6},"end":{"line":22,"column":60}},"12":{"start":{"line":23,"column":6},"end":{"line":23,"column":41}},"13":{"start":{"line":24,"column":6},"end":{"line":24,"column":43}},"14":{"start":{"line":25,"column":6},"end":{"line":25,"column":59}},"15":{"start":{"line":26,"column":6},"end":{"line":26,"column":28}},"16":{"start":{"line":29,"column":4},"end":{"line":29,"column":15}},"17":{"start":{"line":33,"column":2},"end":{"line":66,"column":3}},"18":{"start":{"line":35,"column":4},"end":{"line":35,"column":12}},"19":{"start":{"line":36,"column":4},"end":{"line":42,"column":5}},"20":{"start":{"line":37,"column":6},"end":{"line":41,"column":7}},"21":{"start":{"line":38,"column":8},"end":{"line":38,"column":26}},"22":{"start":{"line":40,"column":8},"end":{"line":40,"column":116}},"23":{"start":{"line":44,"column":4},"end":{"line":46,"column":5}},"24":{"start":{"line":45,"column":6},"end":{"line":45,"column":43}},"25":{"start":{"line":48,"column":4},"end":{"line":48,"column":45}},"26":{"start":{"line":49,"column":4},"end":{"line":49,"column":47}},"27":{"start":{"line":50,"column":4},"end":{"line":50,"column":34}},"28":{"start":{"line":51,"column":4},"end":{"line":51,"column":34}},"29":{"start":{"line":52,"column":4},"end":{"line":52,"column":36}},"30":{"start":{"line":54,"column":4},"end":{"line":63,"column":7}},"31":{"start":{"line":55,"column":6},"end":{"line":55,"column":48}},"32":{"start":{"line":56,"column":6},"end":{"line":56,"column":40}},"33":{"start":{"line":57,"column":6},"end":{"line":57,"column":22}},"34":{"start":{"line":58,"column":6},"end":{"line":58,"column":40}},"35":{"start":{"line":59,"column":6},"end":{"line":59,"column":40}},"36":{"start":{"line":60,"column":6},"end":{"line":60,"column":40}},"37":{"start":{"line":61,"column":6},"end":{"line":61,"column":17}},"38":{"start":{"line":62,"column":6},"end":{"line":62,"column":19}},"39":{"start":{"line":65,"column":4},"end":{"line":65,"column":18}},"40":{"start":{"line":70,"column":2},"end":{"line":72,"column":3}},"41":{"start":{"line":71,"column":4},"end":{"line":71,"column":50}},"42":{"start":{"line":75,"column":2},"end":{"line":81,"column":4}},"43":{"start":{"line":84,"column":0},"end":{"line":84,"column":25}}},"branchMap":{"1":{"line":7,"type":"cond-expr","locations":[{"start":{"line":7,"column":46},"end":{"line":7,"column":54}},{"start":{"line":7,"column":57},"end":{"line":7,"column":90}}]},"2":{"line":16,"type":"if","locations":[{"start":{"line":16,"column":4},"end":{"line":16,"column":4}},{"start":{"line":16,"column":4},"end":{"line":16,"column":4}}]},"3":{"line":16,"type":"binary-expr","locations":[{"start":{"line":16,"column":8},"end":{"line":16,"column":15}},{"start":{"line":16,"column":19},"end":{"line":16,"column":43}}]},"4":{"line":36,"type":"if","locations":[{"start":{"line":36,"column":4},"end":{"line":36,"column":4}},{"start":{"line":36,"column":4},"end":{"line":36,"column":4}}]},"5":{"line":44,"type":"if","locations":[{"start":{"line":44,"column":4},"end":{"line":44,"column":4}},{"start":{"line":44,"column":4},"end":{"line":44,"column":4}}]}},"code":["/*"," * Pattern.js"," * Contains rendering implementations for trianglify-generated geometry"," */","","// conditionally load jsdom if we don't have a browser environment available.","var doc = (typeof document !== \"undefined\") ? document : require('jsdom').jsdom('<html/>');","","function Pattern(polys, opts) {","","  // SVG rendering method","  function render_svg(svgOpts) {","    var svg = doc.createElementNS(\"http://www.w3.org/2000/svg\", 'svg');","    svg.setAttribute('width', opts.width);","    svg.setAttribute('height', opts.height);","    if (svgOpts && svgOpts.includeNamespace) {","      svg.setAttribute('xmlns','http://www.w3.org/2000/svg');","    }","","    polys.forEach(function(poly) {","      var path = doc.createElementNS(\"http://www.w3.org/2000/svg\", 'path');","      path.setAttribute(\"d\", \"M\" + poly[1].join(\"L\") + \"Z\");","      path.setAttribute(\"fill\", poly[0]);","      path.setAttribute(\"stroke\", poly[0]);","      path.setAttribute(\"stroke-width\", opts.stroke_width);","      svg.appendChild(path);","    });","","    return svg;","  }","","  // Canvas rendering method","  function render_canvas(canvas) {","    // check for canvas support","    var ctx;","    if (typeof process !== \"undefined\") {","      try {","        require('canvas');","      } catch (e) {","        throw Error('The optional node-canvas dependency is needed for Trianglify to render using canvas in node.');","      }","    }","","    if (!canvas) {","      canvas = doc.createElement('canvas');","    }","","    canvas.setAttribute('width', opts.width);","    canvas.setAttribute('height', opts.height);","    ctx = canvas.getContext(\"2d\");","    ctx.canvas.width = opts.width;","    ctx.canvas.height = opts.height;","","    polys.forEach(function(poly) {","      ctx.fillStyle = ctx.strokeStyle = poly[0];","      ctx.lineWidth = opts.stroke_width;","      ctx.beginPath();","      ctx.moveTo.apply(ctx, poly[1][0]);","      ctx.lineTo.apply(ctx, poly[1][1]);","      ctx.lineTo.apply(ctx, poly[1][2]);","      ctx.fill();","      ctx.stroke();","    });","","    return canvas;","  }","","  // PNG rendering method","  // currently returns a data url as a string since toBlob support really isn't there yet...","  function render_png() {","    return render_canvas().toDataURL(\"image/png\");","  }","","  // Return an object with all the relevant functions/properties attached to it","  return {","    polys: polys,","    opts: opts,","    svg: render_svg,","    canvas: render_canvas,","    png: render_png","  };","}","","module.exports = Pattern;",""],"l":{"7":1,"9":1,"12":1,"13":0,"14":0,"15":0,"16":0,"17":0,"20":0,"21":0,"22":0,"23":0,"24":0,"25":0,"26":0,"29":0,"33":1,"35":0,"36":0,"37":0,"38":0,"40":0,"44":0,"45":0,"48":0,"49":0,"50":0,"51":0,"52":0,"54":0,"55":0,"56":0,"57":0,"58":0,"59":0,"60":0,"61":0,"62":0,"65":0,"70":1,"71":0,"75":0,"84":1}},"/home/travis/build/npmtest/node-npmtest-trianglify/node_modules/trianglify/gulpfile.js":{"path":"/home/travis/build/npmtest/node-npmtest-trianglify/node_modules/trianglify/gulpfile.js","s":{"1":2,"2":2,"3":2,"4":0,"5":0,"6":0,"7":0,"8":0,"9":0,"10":0,"11":0,"12":0,"13":0,"14":0,"15":0,"16":0,"17":0,"18":0,"19":0,"20":0,"21":0,"22":0,"23":0,"24":0,"25":0,"26":0,"27":0,"28":0,"29":0},"b":{},"f":{"1":0,"2":0,"3":0,"4":0,"5":0,"6":0},"fnMap":{"1":{"name":"(anonymous_1)","line":25,"loc":{"start":{"line":25,"column":36},"end":{"line":25,"column":47}}},"2":{"name":"(anonymous_2)","line":28,"loc":{"start":{"line":28,"column":17},"end":{"line":28,"column":33}}},"3":{"name":"(anonymous_3)","line":42,"loc":{"start":{"line":42,"column":38},"end":{"line":42,"column":49}}},"4":{"name":"(anonymous_4)","line":57,"loc":{"start":{"line":57,"column":20},"end":{"line":57,"column":31}}},"5":{"name":"(anonymous_5)","line":64,"loc":{"start":{"line":64,"column":35},"end":{"line":64,"column":46}}},"6":{"name":"(anonymous_6)","line":68,"loc":{"start":{"line":68,"column":19},"end":{"line":68,"column":34}}}},"statementMap":{"1":{"start":{"line":1,"column":0},"end":{"line":1,"column":23}},"2":{"start":{"line":2,"column":0},"end":{"line":2,"column":27}},"3":{"start":{"line":4,"column":0},"end":{"line":4,"column":39}},"4":{"start":{"line":5,"column":0},"end":{"line":5,"column":27}},"5":{"start":{"line":6,"column":0},"end":{"line":6,"column":36}},"6":{"start":{"line":7,"column":0},"end":{"line":7,"column":40}},"7":{"start":{"line":8,"column":0},"end":{"line":8,"column":44}},"8":{"start":{"line":9,"column":0},"end":{"line":9,"column":44}},"9":{"start":{"line":10,"column":0},"end":{"line":10,"column":40}},"10":{"start":{"line":11,"column":0},"end":{"line":11,"column":36}},"11":{"start":{"line":12,"column":0},"end":{"line":12,"column":37}},"12":{"start":{"line":14,"column":0},"end":{"line":14,"column":54}},"13":{"start":{"line":17,"column":0},"end":{"line":22,"column":3}},"14":{"start":{"line":23,"column":0},"end":{"line":23,"column":26}},"15":{"start":{"line":25,"column":0},"end":{"line":40,"column":3}},"16":{"start":{"line":27,"column":2},"end":{"line":39,"column":29}},"17":{"start":{"line":29,"column":6},"end":{"line":32,"column":9}},"18":{"start":{"line":33,"column":6},"end":{"line":33,"column":33}},"19":{"start":{"line":34,"column":6},"end":{"line":34,"column":23}},"20":{"start":{"line":42,"column":0},"end":{"line":53,"column":3}},"21":{"start":{"line":43,"column":2},"end":{"line":48,"column":5}},"22":{"start":{"line":50,"column":2},"end":{"line":52,"column":27}},"23":{"start":{"line":57,"column":0},"end":{"line":62,"column":3}},"24":{"start":{"line":58,"column":2},"end":{"line":61,"column":35}},"25":{"start":{"line":64,"column":0},"end":{"line":66,"column":3}},"26":{"start":{"line":65,"column":2},"end":{"line":65,"column":44}},"27":{"start":{"line":68,"column":0},"end":{"line":68,"column":62}},"28":{"start":{"line":68,"column":35},"end":{"line":68,"column":59}},"29":{"start":{"line":70,"column":0},"end":{"line":70,"column":37}}},"branchMap":{},"code":["var fs = require('fs');","var path = require('path');","","var browserify = require('browserify');","var gulp = require('gulp');","var jshint = require('gulp-jshint');","var notifier = require('node-notifier');","var source = require('vinyl-source-stream');","var sourcemaps = require('gulp-sourcemaps');","var stylish = require('jshint-stylish');","var uglify = require('gulp-uglify');","var buffer = require('vinyl-buffer');","","var production = process.env.NODE_ENV == 'production';","","// Spin up a browserify instance","var bundler = browserify('./lib/trianglify.js', {","  standalone: 'Trianglify',","  cache: {},","  packageCache: {},","  fullPaths: true","});","bundler.exclude('crypto');","","gulp.task('browserify', ['jshint'], function() {","  // start the deps bundler","  return bundler.bundle()","    .on('error', function(error) {","      notifier.notify({","        'title': 'Browserify Build Failed',","        'message': path.relative(__dirname, error.filename)","      });","      console.log(error.message);","      this.emit('end');","    })","    .pipe(source('./trianglify.min.js'))","    .pipe(buffer())","    .pipe(uglify())","    .pipe(gulp.dest('dist'));","});","","gulp.task('browser-test', ['jshint'], function() {","  var testBundler = browserify('./test/test.js', {","    standalone: 'Trianglify',","    cache: {},","    packageCache: {},","    fullPaths: true","  });","","  return testBundler.bundle()","  .pipe(source('test.browserify.js'))","  .pipe(gulp.dest('test'));","});","","// Check source for syntax errors and style issues","// TODO notifications. Probably need to look into switching to gulp-notify","gulp.task('jshint', function() {","  return gulp.src(['lib/**/*.js', 'test/**/*.js', '!test/test.browserify.js', 'gulpfile.js'])","    .pipe(jshint())","    .pipe(jshint.reporter('jshint-stylish'))","    .pipe(jshint.reporter('fail'));","});","","gulp.task('watch', ['browserify'], function() {","  gulp.watch('lib/**/*.js', ['browserify']);","});","","gulp.task('clean', function(done) {fs.unlink('dist', done);});","","gulp.task('default', ['browserify']);",""],"l":{"1":2,"2":2,"4":2,"5":0,"6":0,"7":0,"8":0,"9":0,"10":0,"11":0,"12":0,"14":0,"17":0,"23":0,"25":0,"27":0,"29":0,"33":0,"34":0,"42":0,"43":0,"50":0,"57":0,"58":0,"64":0,"65":0,"68":0,"70":0}},"/home/travis/build/npmtest/node-npmtest-trianglify/node_modules/trianglify/scripts/postinstall.js":{"path":"/home/travis/build/npmtest/node-npmtest-trianglify/node_modules/trianglify/scripts/postinstall.js","s":{"1":1,"2":1,"3":1,"4":1},"b":{},"f":{},"fnMap":{},"statementMap":{"1":{"start":{"line":1,"column":0},"end":{"line":1,"column":31}},"2":{"start":{"line":3,"column":0},"end":{"line":12,"column":1}},"3":{"start":{"line":4,"column":2},"end":{"line":4,"column":32}},"4":{"start":{"line":6,"column":2},"end":{"line":11,"column":71}}},"branchMap":{},"code":["var colors = require('colors');","","try {","  var canvas = require('canvas')","} catch (e) {","  console.log('\\n\\n\\nTrianglify has been installed successfully with SVG support.\\n'.green +","    'For canvas support, you will need to install Cairo & node-canvas\\n'.cyan +","    'On OSX, you can install node-canvas and Cairo with the following commands:`\\n\\n'.cyan +","    '    brew install cairo\\n' +","    '    PKG_CONFIG_PATH=/usr/local/lib/pkgconfig:/opt/X11/lib/pkgconfig npm install -S canvas\\n\\n' +","    'See https://github.com/Automattic/node-canvas for more info'.cyan)","}"],"l":{"1":1,"3":1,"4":1,"6":1}}}